<?xml version="1.0" encoding="UTF-8"?>
<!-- Generated by org.testng.reporters.JUnitReportReporter -->
<testsuite hostname="DESKTOP-ND8J206" failures="0" tests="44" name="Com.Cen.TestCases.tagsPreview" time="2.809" errors="1" timestamp="2022-06-09T21:02:32 IST" skipped="43">
  <testcase classname="Com.Cen.TestCases.tagsPreview" name="setUp" time="2.809">
    <error message="Could not start a new session. Response code 500. Message: session not created: This version of ChromeDriver only supports Chrome version 98
Current browser version is 102.0.5005.63 with binary path C:\Users\Dell\AppData\Local\Google\Chrome\Application\chrome.exe
Build info: version: &#039;4.1.2&#039;, revision: &#039;9a5a329c5a&#039;
System info: host: &#039;DESKTOP-ND8J206&#039;, ip: &#039;192.168.0.107&#039;, os.name: &#039;Windows 10&#039;, os.arch: &#039;amd64&#039;, os.version: &#039;10.0&#039;, java.version: &#039;17.0.2&#039;
Driver info: org.openqa.selenium.chrome.ChromeDriver
Command: [null, newSession {capabilities=[Capabilities {browserName: chrome, goog:chromeOptions: {args: [], extensions: []}}], desiredCapabilities=Capabilities {browserName: chrome, goog:chromeOptions: {args: [], extensions: []}}}]" type="org.openqa.selenium.SessionNotCreatedException">
      <![CDATA[org.openqa.selenium.SessionNotCreatedException: Could not start a new session. Response code 500. Message: session not created: This version of ChromeDriver only supports Chrome version 98
Current browser version is 102.0.5005.63 with binary path C:\Users\Dell\AppData\Local\Google\Chrome\Application\chrome.exe
Build info: version: '4.1.2', revision: '9a5a329c5a'
System info: host: 'DESKTOP-ND8J206', ip: '192.168.0.107', os.name: 'Windows 10', os.arch: 'amd64', os.version: '10.0', java.version: '17.0.2'
Driver info: org.openqa.selenium.chrome.ChromeDriver
Command: [null, newSession {capabilities=[Capabilities {browserName: chrome, goog:chromeOptions: {args: [], extensions: []}}], desiredCapabilities=Capabilities {browserName: chrome, goog:chromeOptions: {args: [], extensions: []}}}]
at org.openqa.selenium.remote.ProtocolHandshake.createSession(ProtocolHandshake.java:126)
at org.openqa.selenium.remote.ProtocolHandshake.createSession(ProtocolHandshake.java:84)
at org.openqa.selenium.remote.ProtocolHandshake.createSession(ProtocolHandshake.java:62)
at org.openqa.selenium.remote.HttpCommandExecutor.execute(HttpCommandExecutor.java:156)
at org.openqa.selenium.remote.service.DriverCommandExecutor.invokeExecute(DriverCommandExecutor.java:167)
at org.openqa.selenium.remote.service.DriverCommandExecutor.execute(DriverCommandExecutor.java:142)
at org.openqa.selenium.remote.RemoteWebDriver.execute(RemoteWebDriver.java:558)
at org.openqa.selenium.remote.RemoteWebDriver.startSession(RemoteWebDriver.java:245)
at org.openqa.selenium.remote.RemoteWebDriver.<init>(RemoteWebDriver.java:161)
at org.openqa.selenium.chromium.ChromiumDriver.<init>(ChromiumDriver.java:108)
at org.openqa.selenium.chrome.ChromeDriver.<init>(ChromeDriver.java:106)
at org.openqa.selenium.chrome.ChromeDriver.<init>(ChromeDriver.java:93)
at org.openqa.selenium.chrome.ChromeDriver.<init>(ChromeDriver.java:48)
at Com.Cen.TestCases.commonTest.setUp(commonTest.java:43)
at java.base/jdk.internal.reflect.NativeMethodAccessorImpl.invoke0(Native Method)
at java.base/jdk.internal.reflect.NativeMethodAccessorImpl.invoke(NativeMethodAccessorImpl.java:77)
at java.base/jdk.internal.reflect.DelegatingMethodAccessorImpl.invoke(DelegatingMethodAccessorImpl.java:43)
at java.base/java.lang.reflect.Method.invoke(Method.java:568)
at org.testng.internal.MethodInvocationHelper.invokeMethod(MethodInvocationHelper.java:133)
at org.testng.internal.MethodInvocationHelper.invokeMethodConsideringTimeout(MethodInvocationHelper.java:62)
at org.testng.internal.ConfigInvoker.invokeConfigurationMethod(ConfigInvoker.java:385)
at org.testng.internal.ConfigInvoker.invokeConfigurations(ConfigInvoker.java:321)
at org.testng.internal.TestMethodWorker.invokeBeforeClassMethods(TestMethodWorker.java:176)
at org.testng.internal.TestMethodWorker.run(TestMethodWorker.java:122)
at java.base/java.util.ArrayList.forEach(ArrayList.java:1511)
at org.testng.TestRunner.privateRun(TestRunner.java:794)
at org.testng.TestRunner.run(TestRunner.java:596)
at org.testng.SuiteRunner.runTest(SuiteRunner.java:377)
at org.testng.SuiteRunner.access$000(SuiteRunner.java:28)
at org.testng.SuiteRunner$SuiteWorker.run(SuiteRunner.java:418)
at org.testng.internal.thread.ThreadUtil.lambda$execute$0(ThreadUtil.java:64)
at java.base/java.util.concurrent.FutureTask.run(FutureTask.java:264)
at java.base/java.util.concurrent.ThreadPoolExecutor.runWorker(ThreadPoolExecutor.java:1136)
at java.base/java.util.concurrent.ThreadPoolExecutor$Worker.run(ThreadPoolExecutor.java:635)
at java.base/java.lang.Thread.run(Thread.java:833)
]]>
    </error>
  </testcase> <!-- setUp -->
  <system-out/>
  <testcase classname="Com.Cen.TestCases.tagsPreview" name="verify_invalidEmail" time="0.000">
    <skipped/>
  </testcase> <!-- verify_invalidEmail -->
  <system-out/>
  <testcase classname="Com.Cen.TestCases.tagsPreview" name="login_With_Invalid" time="0.000">
    <skipped/>
  </testcase> <!-- login_With_Invalid -->
  <system-out/>
  <testcase classname="Com.Cen.TestCases.tagsPreview" name="tag_priview" time="0.000">
    <skipped/>
  </testcase> <!-- tag_priview -->
  <system-out/>
  <testcase classname="Com.Cen.TestCases.tagsPreview" name="tag_Next" time="0.000">
    <skipped/>
  </testcase> <!-- tag_Next -->
  <system-out/>
  <testcase classname="Com.Cen.TestCases.tagsPreview" name="tag_Previous" time="0.000">
    <skipped/>
  </testcase> <!-- tag_Previous -->
  <system-out/>
  <testcase classname="Com.Cen.TestCases.tagsPreview" name="tag_ViewAllTags" time="0.000">
    <skipped/>
  </testcase> <!-- tag_ViewAllTags -->
  <system-out/>
  <testcase classname="Com.Cen.TestCases.tagsPreview" name="verifyTags" time="0.000">
    <skipped/>
  </testcase> <!-- verifyTags -->
  <system-out/>
  <testcase classname="Com.Cen.TestCases.tagsPreview" name="tag_AddTags" time="0.000">
    <skipped/>
  </testcase> <!-- tag_AddTags -->
  <system-out/>
  <testcase classname="Com.Cen.TestCases.tagsPreview" name="verifyAddTags" time="0.000">
    <skipped/>
  </testcase> <!-- verifyAddTags -->
  <system-out/>
  <testcase classname="Com.Cen.TestCases.tagsPreview" name="tag_SearchTagName" time="0.000">
    <skipped/>
  </testcase> <!-- tag_SearchTagName -->
  <system-out/>
  <testcase classname="Com.Cen.TestCases.tagsPreview" name="tag_CreateTagName" time="0.000">
    <skipped/>
  </testcase> <!-- tag_CreateTagName -->
  <system-out/>
  <testcase classname="Com.Cen.TestCases.tagsPreview" name="verifyCreateTags" time="0.000">
    <skipped/>
  </testcase> <!-- verifyCreateTags -->
  <system-out/>
  <testcase classname="Com.Cen.TestCases.tagsPreview" name="tag_CreateTagCancel" time="0.000">
    <skipped/>
  </testcase> <!-- tag_CreateTagCancel -->
  <system-out/>
  <testcase classname="Com.Cen.TestCases.tagsPreview" name="tag_TagName" time="0.000">
    <skipped/>
  </testcase> <!-- tag_TagName -->
  <system-out/>
  <testcase classname="Com.Cen.TestCases.tagsPreview" name="type_TagName" time="0.000">
    <skipped/>
  </testcase> <!-- type_TagName -->
  <system-out/>
  <testcase classname="Com.Cen.TestCases.tagsPreview" name="blankTagNameField" time="0.000">
    <skipped/>
  </testcase> <!-- blankTagNameField -->
  <system-out/>
  <testcase classname="Com.Cen.TestCases.tagsPreview" name="tag_TagType" time="0.000">
    <skipped/>
  </testcase> <!-- tag_TagType -->
  <system-out/>
  <testcase classname="Com.Cen.TestCases.tagsPreview" name="tag_SelectTagType" time="0.000">
    <skipped/>
  </testcase> <!-- tag_SelectTagType -->
  <system-out/>
  <testcase classname="Com.Cen.TestCases.tagsPreview" name="tag_TagDisscription" time="0.000">
    <skipped/>
  </testcase> <!-- tag_TagDisscription -->
  <system-out/>
  <testcase classname="Com.Cen.TestCases.tagsPreview" name="type_TagDisscription" time="0.000">
    <skipped/>
  </testcase> <!-- type_TagDisscription -->
  <system-out/>
  <testcase classname="Com.Cen.TestCases.tagsPreview" name="tag_CreateTagSave" time="0.000">
    <skipped/>
  </testcase> <!-- tag_CreateTagSave -->
  <system-out/>
  <testcase classname="Com.Cen.TestCases.tagsPreview" name="tag_AddTagCancel" time="0.000">
    <skipped/>
  </testcase> <!-- tag_AddTagCancel -->
  <system-out/>
  <testcase classname="Com.Cen.TestCases.tagsPreview" name="tag_SearchTagNameCross" time="0.000">
    <skipped/>
  </testcase> <!-- tag_SearchTagNameCross -->
  <system-out/>
  <testcase classname="Com.Cen.TestCases.tagsPreview" name="SearchTagName" time="0.000">
    <skipped/>
  </testcase> <!-- SearchTagName -->
  <system-out/>
  <testcase classname="Com.Cen.TestCases.tagsPreview" name="tag_SelectTagname" time="0.000">
    <skipped/>
  </testcase> <!-- tag_SelectTagname -->
  <system-out/>
  <testcase classname="Com.Cen.TestCases.tagsPreview" name="clickTagType" time="0.000">
    <skipped/>
  </testcase> <!-- clickTagType -->
  <system-out/>
  <testcase classname="Com.Cen.TestCases.tagsPreview" name="SelectTagType" time="0.000">
    <skipped/>
  </testcase> <!-- SelectTagType -->
  <system-out/>
  <testcase classname="Com.Cen.TestCases.tagsPreview" name="tag_AddTagSave" time="0.000">
    <skipped/>
  </testcase> <!-- tag_AddTagSave -->
  <system-out/>
  <testcase classname="Com.Cen.TestCases.tagsPreview" name="tag_AddTagRemove" time="0.000">
    <skipped/>
  </testcase> <!-- tag_AddTagRemove -->
  <system-out/>
  <testcase classname="Com.Cen.TestCases.tagsPreview" name="tag_AddTagP" time="0.000">
    <skipped/>
  </testcase> <!-- tag_AddTagP -->
  <system-out/>
  <testcase classname="Com.Cen.TestCases.tagsPreview" name="verifyAddTagsP" time="0.000">
    <skipped/>
  </testcase> <!-- verifyAddTagsP -->
  <system-out/>
  <testcase classname="Com.Cen.TestCases.tagsPreview" name="tag_SearchTagNameP" time="0.000">
    <skipped/>
  </testcase> <!-- tag_SearchTagNameP -->
  <system-out/>
  <testcase classname="Com.Cen.TestCases.tagsPreview" name="tag_CreateTagNameP" time="0.000">
    <skipped/>
  </testcase> <!-- tag_CreateTagNameP -->
  <system-out/>
  <testcase classname="Com.Cen.TestCases.tagsPreview" name="verifyCreateTagsP" time="0.000">
    <skipped/>
  </testcase> <!-- verifyCreateTagsP -->
  <system-out/>
  <testcase classname="Com.Cen.TestCases.tagsPreview" name="tag_CreateTagCancelP" time="0.000">
    <skipped/>
  </testcase> <!-- tag_CreateTagCancelP -->
  <system-out/>
  <testcase classname="Com.Cen.TestCases.tagsPreview" name="tag_TagNameP" time="0.000">
    <skipped/>
  </testcase> <!-- tag_TagNameP -->
  <system-out/>
  <testcase classname="Com.Cen.TestCases.tagsPreview" name="type_TagNameP" time="0.000">
    <skipped/>
  </testcase> <!-- type_TagNameP -->
  <system-out/>
  <testcase classname="Com.Cen.TestCases.tagsPreview" name="AddTag_TagNameP" time="0.000">
    <skipped/>
  </testcase> <!-- AddTag_TagNameP -->
  <system-out/>
  <testcase classname="Com.Cen.TestCases.tagsPreview" name="tag_TagTypeP" time="0.000">
    <skipped/>
  </testcase> <!-- tag_TagTypeP -->
  <system-out/>
  <testcase classname="Com.Cen.TestCases.tagsPreview" name="tag_SelectTagTypeP" time="0.000">
    <skipped/>
  </testcase> <!-- tag_SelectTagTypeP -->
  <system-out/>
  <testcase classname="Com.Cen.TestCases.tagsPreview" name="tag_TagDisscriptionP" time="0.000">
    <skipped/>
  </testcase> <!-- tag_TagDisscriptionP -->
  <system-out/>
  <testcase classname="Com.Cen.TestCases.tagsPreview" name="type_TagDisscriptionP" time="0.000">
    <skipped/>
  </testcase> <!-- type_TagDisscriptionP -->
  <system-out/>
  <testcase classname="Com.Cen.TestCases.tagsPreview" name="tag_CreateTagSaveP" time="0.000">
    <skipped/>
  </testcase> <!-- tag_CreateTagSaveP -->
  <system-out/>
</testsuite> <!-- Com.Cen.TestCases.tagsPreview -->
