<?xml version="1.0" encoding="UTF-8"?>
<!-- Generated by org.testng.reporters.JUnitReportReporter -->
<testsuite ignored="0" hostname="LAPTOP-9D2H4QRD" failures="1" tests="29" name="Com.Cen.TestCases.addressInfo" time="238.604" errors="1" timestamp="25 Jun 2021 03:04:48 GMT" skipped="0">
  <testcase classname="Com.Cen.TestCases.addressInfo" name="city_Editable" time="5.062"/>
  <testcase classname="Com.Cen.TestCases.addressInfo" name="verify_Record_Save" time="16.937">
    <error message="element click intercepted: Element &lt;button type=&quot;submit&quot; class=&quot;text-uppercase mx-2 my-1 v-btn v-btn--contained v-btn--disabled theme--light v-size--default&quot; disabled=&quot;disabled&quot;&gt;...&lt;/button&gt; is not clickable at point (1021, 602). Other element would receive the click: &lt;div class=&quot;v-card__actions&quot;&gt;...&lt;/div&gt;
  (Session info: chrome=91.0.4472.114)
Build info: version: &#039;3.141.59&#039;, revision: &#039;e82be7d358&#039;, time: &#039;2018-11-14T08:17:03&#039;
System info: host: &#039;LAPTOP-9D2H4QRD&#039;, ip: &#039;192.168.43.213&#039;, os.name: &#039;Windows 10&#039;, os.arch: &#039;amd64&#039;, os.version: &#039;10.0&#039;, java.version: &#039;15.0.2&#039;
Driver info: org.openqa.selenium.chrome.ChromeDriver
Capabilities {acceptInsecureCerts: false, browserName: chrome, browserVersion: 91.0.4472.114, chrome: {chromedriverVersion: 91.0.4472.19 (1bf021f248676..., userDataDir: C:\Users\GEEKY-~1\AppData\L...}, goog:chromeOptions: {debuggerAddress: localhost:52801}, javascriptEnabled: true, networkConnectionEnabled: false, pageLoadStrategy: normal, platform: WINDOWS, platformName: WINDOWS, proxy: Proxy(), setWindowRect: true, strictFileInteractability: false, timeouts: {implicit: 0, pageLoad: 300000, script: 30000}, unhandledPromptBehavior: dismiss and notify, webauthn:extension:largeBlob: true, webauthn:virtualAuthenticators: true}
Session ID: bdd6124560d44798ecf0818e05c56a62" type="org.openqa.selenium.ElementClickInterceptedException">
      <![CDATA[org.openqa.selenium.ElementClickInterceptedException: element click intercepted: Element <button type="submit" class="text-uppercase mx-2 my-1 v-btn v-btn--contained v-btn--disabled theme--light v-size--default" disabled="disabled">...</button> is not clickable at point (1021, 602). Other element would receive the click: <div class="v-card__actions">...</div>
  (Session info: chrome=91.0.4472.114)
Build info: version: '3.141.59', revision: 'e82be7d358', time: '2018-11-14T08:17:03'
System info: host: 'LAPTOP-9D2H4QRD', ip: '192.168.43.213', os.name: 'Windows 10', os.arch: 'amd64', os.version: '10.0', java.version: '15.0.2'
Driver info: org.openqa.selenium.chrome.ChromeDriver
Capabilities {acceptInsecureCerts: false, browserName: chrome, browserVersion: 91.0.4472.114, chrome: {chromedriverVersion: 91.0.4472.19 (1bf021f248676..., userDataDir: C:\Users\GEEKY-~1\AppData\L...}, goog:chromeOptions: {debuggerAddress: localhost:52801}, javascriptEnabled: true, networkConnectionEnabled: false, pageLoadStrategy: normal, platform: WINDOWS, platformName: WINDOWS, proxy: Proxy(), setWindowRect: true, strictFileInteractability: false, timeouts: {implicit: 0, pageLoad: 300000, script: 30000}, unhandledPromptBehavior: dismiss and notify, webauthn:extension:largeBlob: true, webauthn:virtualAuthenticators: true}
Session ID: bdd6124560d44798ecf0818e05c56a62
	at java.base/jdk.internal.reflect.NativeConstructorAccessorImpl.newInstance0(Native Method)
	at java.base/jdk.internal.reflect.NativeConstructorAccessorImpl.newInstance(NativeConstructorAccessorImpl.java:64)
	at java.base/jdk.internal.reflect.DelegatingConstructorAccessorImpl.newInstance(DelegatingConstructorAccessorImpl.java:45)
	at java.base/java.lang.reflect.Constructor.newInstanceWithCaller(Constructor.java:500)
	at java.base/java.lang.reflect.Constructor.newInstance(Constructor.java:481)
	at org.openqa.selenium.remote.http.W3CHttpResponseCodec.createException(W3CHttpResponseCodec.java:187)
	at org.openqa.selenium.remote.http.W3CHttpResponseCodec.decode(W3CHttpResponseCodec.java:122)
	at org.openqa.selenium.remote.http.W3CHttpResponseCodec.decode(W3CHttpResponseCodec.java:49)
	at org.openqa.selenium.remote.HttpCommandExecutor.execute(HttpCommandExecutor.java:158)
	at org.openqa.selenium.remote.service.DriverCommandExecutor.execute(DriverCommandExecutor.java:83)
	at org.openqa.selenium.remote.RemoteWebDriver.execute(RemoteWebDriver.java:552)
	at org.openqa.selenium.remote.RemoteWebElement.execute(RemoteWebElement.java:285)
	at org.openqa.selenium.remote.RemoteWebElement.click(RemoteWebElement.java:84)
	at jdk.internal.reflect.GeneratedMethodAccessor2.invoke(Unknown Source)
	at java.base/jdk.internal.reflect.DelegatingMethodAccessorImpl.invoke(DelegatingMethodAccessorImpl.java:43)
	at java.base/java.lang.reflect.Method.invoke(Method.java:564)
	at org.openqa.selenium.support.pagefactory.internal.LocatingElementHandler.invoke(LocatingElementHandler.java:51)
	at com.sun.proxy.$Proxy14.click(Unknown Source)
	at Com.Cen.pageObject.AddressInfo.click_Save(AddressInfo.java:198)
	at Com.Cen.TestCases.addressInfo.verify_Record_Save(addressInfo.java:247)
	at java.base/jdk.internal.reflect.NativeMethodAccessorImpl.invoke0(Native Method)
	at java.base/jdk.internal.reflect.NativeMethodAccessorImpl.invoke(NativeMethodAccessorImpl.java:64)
	at java.base/jdk.internal.reflect.DelegatingMethodAccessorImpl.invoke(DelegatingMethodAccessorImpl.java:43)
	at java.base/java.lang.reflect.Method.invoke(Method.java:564)
	at org.testng.internal.MethodInvocationHelper.invokeMethod(MethodInvocationHelper.java:104)
	at org.testng.internal.Invoker.invokeMethod(Invoker.java:645)
	at org.testng.internal.Invoker.invokeTestMethod(Invoker.java:851)
	at org.testng.internal.Invoker.invokeTestMethods(Invoker.java:1177)
	at org.testng.internal.TestMethodWorker.invokeTestMethods(TestMethodWorker.java:129)
	at org.testng.internal.TestMethodWorker.run(TestMethodWorker.java:112)
	at org.testng.TestRunner.privateRun(TestRunner.java:756)
	at org.testng.TestRunner.run(TestRunner.java:610)
	at org.testng.SuiteRunner.runTest(SuiteRunner.java:387)
	at org.testng.SuiteRunner.access$000(SuiteRunner.java:39)
	at org.testng.SuiteRunner$SuiteWorker.run(SuiteRunner.java:421)
	at org.testng.internal.thread.ThreadUtil$2.call(ThreadUtil.java:64)
	at java.base/java.util.concurrent.FutureTask.run(FutureTask.java:264)
	at java.base/java.util.concurrent.ThreadPoolExecutor.runWorker(ThreadPoolExecutor.java:1130)
	at java.base/java.util.concurrent.ThreadPoolExecutor$Worker.run(ThreadPoolExecutor.java:630)
	at java.base/java.lang.Thread.run(Thread.java:832)
]]>
    </error>
  </testcase> <!-- verify_Record_Save -->
  <testcase classname="Com.Cen.TestCases.addressInfo" name="city_AlphabetOnly" time="5.440"/>
  <testcase classname="Com.Cen.TestCases.addressInfo" name="city_SpecialChar" time="5.404"/>
  <testcase classname="Com.Cen.TestCases.addressInfo" name="test_SearchWithID" time="5.362"/>
  <testcase classname="Com.Cen.TestCases.addressInfo" name="test_searchwithSpecialSymbaol" time="5.318"/>
  <testcase classname="Com.Cen.TestCases.addressInfo" name="test_profileOverviewContent" time="5.005"/>
  <testcase classname="Com.Cen.TestCases.addressInfo" name="login_With_Invalid" time="21.033">
    <failure message="The following asserts failed:
	expected [LOGIN] but found [The email or password you entered is incorrect]" type="java.lang.AssertionError">
      <![CDATA[java.lang.AssertionError: The following asserts failed:
	expected [LOGIN] but found [The email or password you entered is incorrect]
	at org.testng.asserts.SoftAssert.assertAll(SoftAssert.java:43)
	at Com.Cen.TestCases.commonTest.login_With_Invalid(commonTest.java:117)
	at java.base/jdk.internal.reflect.NativeMethodAccessorImpl.invoke0(Native Method)
	at java.base/jdk.internal.reflect.NativeMethodAccessorImpl.invoke(NativeMethodAccessorImpl.java:64)
	at java.base/jdk.internal.reflect.DelegatingMethodAccessorImpl.invoke(DelegatingMethodAccessorImpl.java:43)
	at java.base/java.lang.reflect.Method.invoke(Method.java:564)
	at org.testng.internal.MethodInvocationHelper.invokeMethod(MethodInvocationHelper.java:104)
	at org.testng.internal.Invoker.invokeMethod(Invoker.java:645)
	at org.testng.internal.Invoker.invokeTestMethod(Invoker.java:851)
	at org.testng.internal.Invoker.invokeTestMethods(Invoker.java:1177)
	at org.testng.internal.TestMethodWorker.invokeTestMethods(TestMethodWorker.java:129)
	at org.testng.internal.TestMethodWorker.run(TestMethodWorker.java:112)
	at org.testng.TestRunner.privateRun(TestRunner.java:756)
	at org.testng.TestRunner.run(TestRunner.java:610)
	at org.testng.SuiteRunner.runTest(SuiteRunner.java:387)
	at org.testng.SuiteRunner.access$000(SuiteRunner.java:39)
	at org.testng.SuiteRunner$SuiteWorker.run(SuiteRunner.java:421)
	at org.testng.internal.thread.ThreadUtil$2.call(ThreadUtil.java:64)
	at java.base/java.util.concurrent.FutureTask.run(FutureTask.java:264)
	at java.base/java.util.concurrent.ThreadPoolExecutor.runWorker(ThreadPoolExecutor.java:1130)
	at java.base/java.util.concurrent.ThreadPoolExecutor$Worker.run(ThreadPoolExecutor.java:630)
	at java.base/java.lang.Thread.run(Thread.java:832)
]]>
    </failure>
  </testcase> <!-- login_With_Invalid -->
  <testcase classname="Com.Cen.TestCases.addressInfo" name="check_TimeZone" time="10.478"/>
  <testcase classname="Com.Cen.TestCases.addressInfo" name="test_SearchDetails" time="15.584"/>
  <testcase classname="Com.Cen.TestCases.addressInfo" name="test_VerifyContentTestResult" time="5.360"/>
  <testcase classname="Com.Cen.TestCases.addressInfo" name="click_HamburgarMenu" time="15.393"/>
  <testcase classname="Com.Cen.TestCases.addressInfo" name="test_SearchFieldEditable" time="0.116"/>
  <testcase classname="Com.Cen.TestCases.addressInfo" name="numeric_Only" time="5.086"/>
  <testcase classname="Com.Cen.TestCases.addressInfo" name="test_Search" time="5.396"/>
  <testcase classname="Com.Cen.TestCases.addressInfo" name="test_clickOnProfileOverviewDropdown" time="15.317"/>
  <testcase classname="Com.Cen.TestCases.addressInfo" name="click_UserAdmin" time="10.361"/>
  <testcase classname="Com.Cen.TestCases.addressInfo" name="test_clearButton" time="0.126"/>
  <testcase classname="Com.Cen.TestCases.addressInfo" name="enter_Address_RequiredFiled" time="10.405"/>
  <testcase classname="Com.Cen.TestCases.addressInfo" name="verify_invalidEmail" time="12.155"/>
  <testcase classname="Com.Cen.TestCases.addressInfo" name="enter_Address2_editable" time="5.046"/>
  <testcase classname="Com.Cen.TestCases.addressInfo" name="check_address_editable" time="0.038"/>
  <testcase classname="Com.Cen.TestCases.addressInfo" name="test_SearchWithcompleteName" time="0.262"/>
  <testcase classname="Com.Cen.TestCases.addressInfo" name="test_searchWithEmailId" time="10.636"/>
  <testcase classname="Com.Cen.TestCases.addressInfo" name="select_Country" time="10.762"/>
  <testcase classname="Com.Cen.TestCases.addressInfo" name="click_Reset" time="10.322"/>
  <testcase classname="Com.Cen.TestCases.addressInfo" name="state_Editable" time="5.077"/>
  <testcase classname="Com.Cen.TestCases.addressInfo" name="Check_Save_Button" time="10.778"/>
  <testcase classname="Com.Cen.TestCases.addressInfo" name="click_Usermenu" time="10.345"/>
</testsuite> <!-- Com.Cen.TestCases.addressInfo -->
